<?xml version="1.0" encoding="UTF-8"?>
<!-- Generated by org.testng.reporters.JUnitXMLReporter -->
<testsuite ignored="0" hostname="Siddhant" failures="0" tests="3" name="Default test" time="45.139" errors="0" timestamp="2023-06-24T07:34:46 IST">
  <testcase classname="com.ECartAID.TestCases.HomePageTestCases" name="verifytile" time="0.113"/>
  <testcase classname="com.ECartAID.TestCases.HomePageTestCases" name="veirycategoryvisiblity" time="0.126"/>
  <testcase classname="com.ECartAID.TestCases.HomePageTestCases" name="login" time="4.108"/>
</testsuite> <!-- Default test -->
