<?xml version="1.0" encoding="UTF-8"?>
<!-- Generated by org.testng.reporters.JUnitXMLReporter -->
<testsuite ignored="0" hostname="Siddhant" failures="0" tests="3" name="Test" time="50.564" errors="0" timestamp="2023-06-24T07:59:39 IST">
  <testcase classname="com.ECartAID.TestCases.HomePageTestCases" name="verifytile" time="0.17"/>
  <testcase classname="com.ECartAID.TestCases.HomePageTestCases" name="veirycategoryvisiblity" time="0.325"/>
  <testcase classname="com.ECartAID.TestCases.LoginPageTestCase" name="login" time="11.88"/>
</testsuite> <!-- Test -->
