<?xml version="1.0" encoding="UTF-8"?>
<testng-results ignored="0" total="3" passed="3" failed="0" skipped="0">
  <reporter-output>
  </reporter-output>
  <suite started-at="2023-06-24T07:58:49 IST" name="Suite" finished-at="2023-06-24T07:59:39 IST" duration-ms="50564">
    <groups>
    </groups>
    <test started-at="2023-06-24T07:58:49 IST" name="Test" finished-at="2023-06-24T07:59:39 IST" duration-ms="50564">
      <class name="com.ECartAID.TestCases.HomePageTestCases">
        <test-method is-config="true" signature="init()[pri:0, instance:com.ECartAID.TestCases.HomePageTestCases@3bf9ce3e]" started-at="2023-06-24T07:58:49 IST" name="init" finished-at="2023-06-24T07:59:04 IST" duration-ms="15524" status="PASS">
          <reporter-output>
          </reporter-output>
        </test-method> <!-- init -->
        <test-method signature="verifytile()[pri:0, instance:com.ECartAID.TestCases.HomePageTestCases@3bf9ce3e]" started-at="2023-06-24T07:59:04 IST" name="verifytile" finished-at="2023-06-24T07:59:04 IST" duration-ms="170" status="PASS">
          <reporter-output>
          </reporter-output>
        </test-method> <!-- verifytile -->
        <test-method is-config="true" signature="teardown()[pri:0, instance:com.ECartAID.TestCases.HomePageTestCases@3bf9ce3e]" started-at="2023-06-24T07:59:04 IST" name="teardown" finished-at="2023-06-24T07:59:05 IST" duration-ms="852" status="PASS">
          <reporter-output>
          </reporter-output>
        </test-method> <!-- teardown -->
        <test-method is-config="true" signature="init()[pri:0, instance:com.ECartAID.TestCases.HomePageTestCases@3bf9ce3e]" started-at="2023-06-24T07:59:05 IST" name="init" finished-at="2023-06-24T07:59:15 IST" duration-ms="9280" status="PASS">
          <reporter-output>
          </reporter-output>
        </test-method> <!-- init -->
        <test-method signature="veirycategoryvisiblity()[pri:1, instance:com.ECartAID.TestCases.HomePageTestCases@3bf9ce3e]" started-at="2023-06-24T07:59:15 IST" name="veirycategoryvisiblity" finished-at="2023-06-24T07:59:15 IST" duration-ms="325" status="PASS">
          <reporter-output>
          </reporter-output>
        </test-method> <!-- veirycategoryvisiblity -->
        <test-method is-config="true" signature="teardown()[pri:0, instance:com.ECartAID.TestCases.HomePageTestCases@3bf9ce3e]" started-at="2023-06-24T07:59:15 IST" name="teardown" finished-at="2023-06-24T07:59:15 IST" duration-ms="530" status="PASS">
          <reporter-output>
          </reporter-output>
        </test-method> <!-- teardown -->
      </class> <!-- com.ECartAID.TestCases.HomePageTestCases -->
      <class name="com.ECartAID.TestCases.LoginPageTestCase">
        <test-method is-config="true" signature="init()[pri:0, instance:com.ECartAID.TestCases.LoginPageTestCase@57cf54e1]" started-at="2023-06-24T07:59:15 IST" name="init" finished-at="2023-06-24T07:59:27 IST" duration-ms="11295" status="PASS">
          <reporter-output>
          </reporter-output>
        </test-method> <!-- init -->
        <test-method signature="login()[pri:1, instance:com.ECartAID.TestCases.LoginPageTestCase@57cf54e1]" started-at="2023-06-24T07:59:27 IST" name="login" finished-at="2023-06-24T07:59:39 IST" duration-ms="11880" status="PASS">
          <reporter-output>
          </reporter-output>
        </test-method> <!-- login -->
        <test-method is-config="true" signature="teardown()[pri:0, instance:com.ECartAID.TestCases.LoginPageTestCase@57cf54e1]" started-at="2023-06-24T07:59:39 IST" name="teardown" finished-at="2023-06-24T07:59:39 IST" duration-ms="596" status="PASS">
          <reporter-output>
          </reporter-output>
        </test-method> <!-- teardown -->
      </class> <!-- com.ECartAID.TestCases.LoginPageTestCase -->
    </test> <!-- Test -->
  </suite> <!-- Suite -->
</testng-results>
